<?xml version="1.0" encoding="UTF-8"?>
<!-- Generated by org.testng.reporters.JUnitXMLReporter -->
<testsuite ignored="0" hostname="DESKTOP-4OQ8NF6" failures="6" tests="12" name="Chrome" time="443.546" errors="0" timestamp="2025-05-28T11:12:32 IST">
  <testcase classname="com.tests.BoxAppLoginLogOut" name="navigateToBoxLogin" time="0.968"/>
  <testcase classname="com.tests.BoxAppLoginLogOut" name="login" time="2.872"/>
  <testcase classname="com.tests.BoxAppLoginLogOut" name="logOut" time="60.272">
    <failure type="java.lang.AssertionError" message="Profile button cannot be clicked expected [true] but found [false]">
      <![CDATA[java.lang.AssertionError: Profile button cannot be clicked expected [true] but found [false]
at com.tests.BoxAppLoginLogOut.log(BoxAppLoginLogOut.java:74)
at com.tests.BoxAppLoginLogOut.logOut(BoxAppLoginLogOut.java:67)
at java.base/java.util.ArrayList.forEach(ArrayList.java:1596)
at java.base/java.util.concurrent.FutureTask.run(FutureTask.java:317)
at java.base/java.util.concurrent.ThreadPoolExecutor.runWorker(ThreadPoolExecutor.java:1144)
at java.base/java.util.concurrent.ThreadPoolExecutor$Worker.run(ThreadPoolExecutor.java:642)
at java.base/java.lang.Thread.run(Thread.java:1583)
... Removed 18 stack frames]]>
    </failure>
  </testcase> <!-- logOut -->
  <testcase classname="com.tests.BoxAppCreateDeleteFolder" name="navigateToBox" time="0.622"/>
  <testcase classname="com.tests.BoxAppCreateDeleteFolder" name="loginCreate" time="2.972"/>
  <testcase classname="com.tests.BoxAppCreateDeleteFolder" name="createFolder" time="60.351">
    <failure type="java.lang.AssertionError" message="Wrong title: All Files | Powered by Box expected [true] but found [false]">
      <![CDATA[java.lang.AssertionError: Wrong title: All Files | Powered by Box expected [true] but found [false]
at com.tests.BoxAppCreateDeleteFolder.log(BoxAppCreateDeleteFolder.java:131)
at com.tests.BoxAppCreateDeleteFolder.createFolder(BoxAppCreateDeleteFolder.java:66)
at java.base/java.util.ArrayList.forEach(ArrayList.java:1596)
at java.base/java.util.concurrent.FutureTask.run(FutureTask.java:317)
at java.base/java.util.concurrent.ThreadPoolExecutor.runWorker(ThreadPoolExecutor.java:1144)
at java.base/java.util.concurrent.ThreadPoolExecutor$Worker.run(ThreadPoolExecutor.java:642)
at java.base/java.lang.Thread.run(Thread.java:1583)
... Removed 18 stack frames]]>
    </failure>
  </testcase> <!-- createFolder -->
  <testcase classname="com.tests.BoxAppCreateDeleteFolder" name="logOutCreate" time="60.255">
    <failure type="java.lang.AssertionError" message="Profile button cannot be clicked expected [true] but found [false]">
      <![CDATA[java.lang.AssertionError: Profile button cannot be clicked expected [true] but found [false]
at com.tests.BoxAppCreateDeleteFolder.log(BoxAppCreateDeleteFolder.java:131)
at com.tests.BoxAppCreateDeleteFolder.logOutCreate(BoxAppCreateDeleteFolder.java:83)
at java.base/java.util.ArrayList.forEach(ArrayList.java:1596)
at java.base/java.util.concurrent.FutureTask.run(FutureTask.java:317)
at java.base/java.util.concurrent.ThreadPoolExecutor.runWorker(ThreadPoolExecutor.java:1144)
at java.base/java.util.concurrent.ThreadPoolExecutor$Worker.run(ThreadPoolExecutor.java:642)
at java.base/java.lang.Thread.run(Thread.java:1583)
... Removed 18 stack frames]]>
    </failure>
  </testcase> <!-- logOutCreate -->
  <testcase classname="com.tests.BoxAppCreateDeleteFolder" name="loginDelete" time="60.482">
    <failure type="java.lang.AssertionError" message="Email Id cannot be clicked expected [true] but found [false]">
      <![CDATA[java.lang.AssertionError: Email Id cannot be clicked expected [true] but found [false]
at com.tests.BoxAppCreateDeleteFolder.log(BoxAppCreateDeleteFolder.java:131)
at com.tests.BoxAppCreateDeleteFolder.loginDelete(BoxAppCreateDeleteFolder.java:95)
at java.base/java.util.ArrayList.forEach(ArrayList.java:1596)
at java.base/java.util.concurrent.FutureTask.run(FutureTask.java:317)
at java.base/java.util.concurrent.ThreadPoolExecutor.runWorker(ThreadPoolExecutor.java:1144)
at java.base/java.util.concurrent.ThreadPoolExecutor$Worker.run(ThreadPoolExecutor.java:642)
at java.base/java.lang.Thread.run(Thread.java:1583)
... Removed 18 stack frames]]>
    </failure>
  </testcase> <!-- loginDelete -->
  <testcase classname="com.tests.BoxAppCreateDeleteFolder" name="deleteFolder" time="60.033">
    <failure type="java.lang.AssertionError" message=" cannot sort expected [true] but found [false]">
      <![CDATA[java.lang.AssertionError:  cannot sort expected [true] but found [false]
at com.tests.BoxAppCreateDeleteFolder.log(BoxAppCreateDeleteFolder.java:131)
at com.tests.BoxAppCreateDeleteFolder.deleteFolder(BoxAppCreateDeleteFolder.java:106)
at java.base/java.util.ArrayList.forEach(ArrayList.java:1596)
at java.base/java.util.concurrent.FutureTask.run(FutureTask.java:317)
at java.base/java.util.concurrent.ThreadPoolExecutor.runWorker(ThreadPoolExecutor.java:1144)
at java.base/java.util.concurrent.ThreadPoolExecutor$Worker.run(ThreadPoolExecutor.java:642)
at java.base/java.lang.Thread.run(Thread.java:1583)
... Removed 18 stack frames]]>
    </failure>
  </testcase> <!-- deleteFolder -->
  <testcase classname="com.tests.BoxAppCreateDeleteFolder" name="logOutDelete" time="60.315">
    <failure type="java.lang.AssertionError" message="Profile button cannot be clicked expected [true] but found [false]">
      <![CDATA[java.lang.AssertionError: Profile button cannot be clicked expected [true] but found [false]
at com.tests.BoxAppCreateDeleteFolder.log(BoxAppCreateDeleteFolder.java:131)
at com.tests.BoxAppCreateDeleteFolder.logOutDelete(BoxAppCreateDeleteFolder.java:120)
at java.base/java.util.ArrayList.forEach(ArrayList.java:1596)
at java.base/java.util.concurrent.FutureTask.run(FutureTask.java:317)
at java.base/java.util.concurrent.ThreadPoolExecutor.runWorker(ThreadPoolExecutor.java:1144)
at java.base/java.util.concurrent.ThreadPoolExecutor$Worker.run(ThreadPoolExecutor.java:642)
at java.base/java.lang.Thread.run(Thread.java:1583)
... Removed 18 stack frames]]>
    </failure>
  </testcase> <!-- logOutDelete -->
  <testcase classname="com.tests.BoxAppDevelopers" name="navigateToBox" time="2.407"/>
  <testcase classname="com.tests.BoxAppDevelopers" name="login" time="3.272"/>
</testsuite> <!-- Chrome -->
