<?xml version="1.0" encoding="UTF-8"?>
<!-- Generated by org.testng.reporters.JUnitXMLReporter -->
<testsuite ignored="0" hostname="LAPTOP-3VBKENUI" failures="5" tests="29" name="Edge" time="591.649" errors="0" timestamp="2024-05-09T16:54:22 IST">
  <testcase classname="com.tests.BoxAppLoginLogOut" name="navigateToBoxLogin" time="0.703"/>
  <testcase classname="com.tests.BoxAppLoginLogOut" name="login" time="3.995"/>
  <testcase classname="com.tests.BoxAppLoginLogOut" name="logOut" time="7.395"/>
  <testcase classname="com.tests.BoxAppCreateDeleteFolder" name="navigateToBox" time="0.578"/>
  <testcase classname="com.tests.BoxAppCreateDeleteFolder" name="loginCreate" time="4.183"/>
  <testcase classname="com.tests.BoxAppCreateDeleteFolder" name="createFolder" time="14.406"/>
  <testcase classname="com.tests.BoxAppCreateDeleteFolder" name="logOutCreate" time="3.636"/>
  <testcase classname="com.tests.BoxAppCreateDeleteFolder" name="loginDelete" time="3.786"/>
  <testcase classname="com.tests.BoxAppCreateDeleteFolder" name="deleteFolder" time="19.246"/>
  <testcase classname="com.tests.BoxAppCreateDeleteFolder" name="logOutDelete" time="3.71"/>
  <testcase classname="com.tests.BoxAppDevelopers" name="navigateToBox" time="0.423"/>
  <testcase classname="com.tests.BoxAppDevelopers" name="login" time="3.721"/>
  <testcase classname="com.tests.BoxAppDevelopers" name="clickDevConsoleButton" time="6.515"/>
  <testcase classname="com.tests.BoxAppDevelopers" name="isDeveloperTokenAvailable" time="60.239"/>
  <testcase classname="com.tests.BoxAppDevelopers" name="clickGenerateDeveloperTokenButton" time="2.364"/>
  <testcase classname="com.tests.BoxAppDevelopers" name="copyDeveloperToken" time="3.373"/>
  <testcase classname="com.tests.BoxAppDevelopers" name="logOut" time="3.703"/>
  <testcase classname="com.tests.UnicornSignUp" name="navigateToUnicornLogin" time="22.341"/>
  <testcase classname="com.tests.UnicornSignUp" name="navigateToSignupPage" time="0.411"/>
  <testcase classname="com.tests.UnicornSignUp" name="signUp" time="13.042"/>
  <testcase classname="com.tests.UnicornSignUp" name="signUp" time="15.327"/>
  <testcase classname="com.tests.UnicornSignUp" name="signUp" time="14.636"/>
  <testcase classname="com.tests.UnicornSignUp" name="signUp" time="15.166"/>
  <testcase classname="com.tests.UnicornSignUp" name="signUp" time="14.879"/>
  <testcase classname="com.tests.UnicornSignUp" name="signUp" time="70.888">
    <failure type="java.lang.AssertionError" message="Submit button cannot be clicked expected [true] but found [false]">
      <![CDATA[java.lang.AssertionError: Submit button cannot be clicked expected [true] but found [false]
at com.tests.UnicornSignUp.log(UnicornSignUp.java:131)
at com.tests.UnicornSignUp.signUp(UnicornSignUp.java:112)
at java.base/java.util.ArrayList.forEach(ArrayList.java:1596)
at java.base/java.util.concurrent.FutureTask.run(FutureTask.java:317)
at java.base/java.util.concurrent.ThreadPoolExecutor.runWorker(ThreadPoolExecutor.java:1144)
at java.base/java.util.concurrent.ThreadPoolExecutor$Worker.run(ThreadPoolExecutor.java:642)
at java.base/java.lang.Thread.run(Thread.java:1583)
... Removed 18 stack frames]]>
    </failure>
  </testcase> <!-- signUp -->
  <testcase classname="com.tests.UnicornSignUp" name="signUp" time="68.929">
    <failure type="java.lang.AssertionError" message="Next button cannot be clicked expected [true] but found [false]">
      <![CDATA[java.lang.AssertionError: Next button cannot be clicked expected [true] but found [false]
at com.tests.UnicornSignUp.log(UnicornSignUp.java:131)
at com.tests.UnicornSignUp.signUp(UnicornSignUp.java:102)
at java.base/java.util.ArrayList.forEach(ArrayList.java:1596)
at java.base/java.util.concurrent.FutureTask.run(FutureTask.java:317)
at java.base/java.util.concurrent.ThreadPoolExecutor.runWorker(ThreadPoolExecutor.java:1144)
at java.base/java.util.concurrent.ThreadPoolExecutor$Worker.run(ThreadPoolExecutor.java:642)
at java.base/java.lang.Thread.run(Thread.java:1583)
... Removed 18 stack frames]]>
    </failure>
  </testcase> <!-- signUp -->
  <testcase classname="com.tests.UnicornSignUp" name="signUp" time="68.973">
    <failure type="java.lang.AssertionError" message="Submit button cannot be clicked expected [true] but found [false]">
      <![CDATA[java.lang.AssertionError: Submit button cannot be clicked expected [true] but found [false]
at com.tests.UnicornSignUp.log(UnicornSignUp.java:131)
at com.tests.UnicornSignUp.signUp(UnicornSignUp.java:112)
at java.base/java.util.ArrayList.forEach(ArrayList.java:1596)
at java.base/java.util.concurrent.FutureTask.run(FutureTask.java:317)
at java.base/java.util.concurrent.ThreadPoolExecutor.runWorker(ThreadPoolExecutor.java:1144)
at java.base/java.util.concurrent.ThreadPoolExecutor$Worker.run(ThreadPoolExecutor.java:642)
at java.base/java.lang.Thread.run(Thread.java:1583)
... Removed 18 stack frames]]>
    </failure>
  </testcase> <!-- signUp -->
  <testcase classname="com.tests.UnicornSignUp" name="signUp" time="68.01">
    <failure type="java.lang.AssertionError" message="Next button cannot be clicked expected [true] but found [false]">
      <![CDATA[java.lang.AssertionError: Next button cannot be clicked expected [true] but found [false]
at com.tests.UnicornSignUp.log(UnicornSignUp.java:131)
at com.tests.UnicornSignUp.signUp(UnicornSignUp.java:102)
at java.base/java.util.ArrayList.forEach(ArrayList.java:1596)
at java.base/java.util.concurrent.FutureTask.run(FutureTask.java:317)
at java.base/java.util.concurrent.ThreadPoolExecutor.runWorker(ThreadPoolExecutor.java:1144)
at java.base/java.util.concurrent.ThreadPoolExecutor$Worker.run(ThreadPoolExecutor.java:642)
at java.base/java.lang.Thread.run(Thread.java:1583)
... Removed 18 stack frames]]>
    </failure>
  </testcase> <!-- signUp -->
  <testcase classname="com.tests.UnicornSignUp" name="signUp" time="66.547">
    <failure type="java.lang.AssertionError" message="New Jersy cannot be selected expected [true] but found [false]">
      <![CDATA[java.lang.AssertionError: New Jersy cannot be selected expected [true] but found [false]
at com.tests.UnicornSignUp.log(UnicornSignUp.java:131)
at com.tests.UnicornSignUp.signUp(UnicornSignUp.java:92)
at java.base/java.util.ArrayList.forEach(ArrayList.java:1596)
at java.base/java.util.concurrent.FutureTask.run(FutureTask.java:317)
at java.base/java.util.concurrent.ThreadPoolExecutor.runWorker(ThreadPoolExecutor.java:1144)
at java.base/java.util.concurrent.ThreadPoolExecutor$Worker.run(ThreadPoolExecutor.java:642)
at java.base/java.lang.Thread.run(Thread.java:1583)
... Removed 18 stack frames]]>
    </failure>
  </testcase> <!-- signUp -->
</testsuite> <!-- Edge -->
