<?xml version="1.0" encoding="UTF-8"?>
<!-- Generated by org.testng.reporters.JUnitXMLReporter -->
<testsuite ignored="0" hostname="LAPTOP-3VBKENUI" failures="1" tests="7" name="Chrome" time="26.426" errors="0" timestamp="2024-05-04T14:22:36 IST">
  <testcase classname="com.tests.BoxAppLoginPageSteps" name="navigateToBoxLogin" time="0.807"/>
  <testcase classname="com.tests.BoxAppLoginPageSteps" name="login" time="3.915"/>
  <testcase classname="com.tests.BoxAppLoginPageSteps" name="logOut" time="7.007"/>
  <testcase classname="com.tests.BoxAppCreateFolderSteps" name="navigateToBoxCreateFolder" time="0.411"/>
  <testcase classname="com.tests.BoxAppCreateFolderSteps" name="loginCreateFolder" time="2.876"/>
  <testcase classname="com.tests.BoxAppCreateFolderSteps" name="createFolder" time="7.771"/>
  <testcase classname="com.tests.BoxAppCreateFolderSteps" name="logOutCreateFolder" time="1.784">
    <failure type="org.openqa.selenium.ElementClickInterceptedException" message="element click intercepted: Element &amp;lt;button aria-label=&amp;quot;Toggle account menu&amp;quot; data-resin-target=&amp;quot;accountmenu&amp;quot; id=&amp;quot;menubutton126&amp;quot; aria-expanded=&amp;quot;false&amp;quot; aria-haspopup=&amp;quot;true&amp;quot; class=&amp;quot;text_button_module_textButton--581e7 ProfileButton ProfileButton--default&amp;quot; type=&amp;quot;button&amp;quot; style=&amp;quot;&amp;quot;&amp;gt;...&amp;lt;/button&amp;gt; is not clickable at point (1872, 46). Other element would receive the click: &amp;lt;div class=&amp;quot;&amp;quot;&amp;gt;...&amp;lt;/div&amp;gt;
  (Session info: chrome=123.0.6312.124)
Build info: version: &amp;apos;4.18.1&amp;apos;, revision: &amp;apos;b1d3319b48&amp;apos;
System info: os.name: &amp;apos;Windows 11&amp;apos;, os.arch: &amp;apos;amd64&amp;apos;, os.version: &amp;apos;10.0&amp;apos;, java.version: &amp;apos;21.0.2&amp;apos;
Driver info: org.openqa.selenium.chrome.ChromeDriver
Command: [4239b63fb3c6c2ce0c3e68d43ae40696, clickElement {id=f.82DD80508D4D1856BE896AF4E0E0533E.d.723D76E34DB6A44BE6573E2637D7DA9E.e.236}]
Capabilities {acceptInsecureCerts: false, browserName: chrome, browserVersion: 123.0.6312.124, chrome: {chromedriverVersion: 123.0.6312.122 (31f8248cdd9..., userDataDir: C:\Users\rakes\AppData\Loca...}, fedcm:accounts: true, goog:chromeOptions: {debuggerAddress: localhost:8868}, networkConnectionEnabled: false, pageLoadStrategy: normal, platformName: windows, proxy: Proxy(), se:cdp: ws://localhost:8868/devtool..., se:cdpVersion: 123.0.6312.124, setWindowRect: true, strictFileInteractability: false, timeouts: {implicit: 0, pageLoad: 300000, script: 30000}, unhandledPromptBehavior: dismiss and notify, webauthn:extension:credBlob: true, webauthn:extension:largeBlob: true, webauthn:extension:minPinLength: true, webauthn:extension:prf: true, webauthn:virtualAuthenticators: true}
Element: [[ChromeDriver: chrome on windows (4239b63fb3c6c2ce0c3e68d43ae40696)] -&amp;gt; xpath: //button[@data-resin-target=&amp;apos;accountmenu&amp;apos;]]
Session ID: 4239b63fb3c6c2ce0c3e68d43ae40696">
      <![CDATA[org.openqa.selenium.ElementClickInterceptedException: element click intercepted: Element <button aria-label="Toggle account menu" data-resin-target="accountmenu" id="menubutton126" aria-expanded="false" aria-haspopup="true" class="text_button_module_textButton--581e7 ProfileButton ProfileButton--default" type="button" style="">...</button> is not clickable at point (1872, 46). Other element would receive the click: <div class="">...</div>
  (Session info: chrome=123.0.6312.124)
Build info: version: '4.18.1', revision: 'b1d3319b48'
System info: os.name: 'Windows 11', os.arch: 'amd64', os.version: '10.0', java.version: '21.0.2'
Driver info: org.openqa.selenium.chrome.ChromeDriver
Command: [4239b63fb3c6c2ce0c3e68d43ae40696, clickElement {id=f.82DD80508D4D1856BE896AF4E0E0533E.d.723D76E34DB6A44BE6573E2637D7DA9E.e.236}]
Capabilities {acceptInsecureCerts: false, browserName: chrome, browserVersion: 123.0.6312.124, chrome: {chromedriverVersion: 123.0.6312.122 (31f8248cdd9..., userDataDir: C:\Users\rakes\AppData\Loca...}, fedcm:accounts: true, goog:chromeOptions: {debuggerAddress: localhost:8868}, networkConnectionEnabled: false, pageLoadStrategy: normal, platformName: windows, proxy: Proxy(), se:cdp: ws://localhost:8868/devtool..., se:cdpVersion: 123.0.6312.124, setWindowRect: true, strictFileInteractability: false, timeouts: {implicit: 0, pageLoad: 300000, script: 30000}, unhandledPromptBehavior: dismiss and notify, webauthn:extension:credBlob: true, webauthn:extension:largeBlob: true, webauthn:extension:minPinLength: true, webauthn:extension:prf: true, webauthn:virtualAuthenticators: true}
Element: [[ChromeDriver: chrome on windows (4239b63fb3c6c2ce0c3e68d43ae40696)] -> xpath: //button[@data-resin-target='accountmenu']]
Session ID: 4239b63fb3c6c2ce0c3e68d43ae40696
at org.openqa.selenium.remote.ErrorCodec.decode(ErrorCodec.java:167)
at org.openqa.selenium.remote.codec.w3c.W3CHttpResponseCodec.decode(W3CHttpResponseCodec.java:138)
at org.openqa.selenium.remote.codec.w3c.W3CHttpResponseCodec.decode(W3CHttpResponseCodec.java:50)
at org.openqa.selenium.remote.HttpCommandExecutor.execute(HttpCommandExecutor.java:190)
at org.openqa.selenium.remote.service.DriverCommandExecutor.invokeExecute(DriverCommandExecutor.java:216)
at org.openqa.selenium.remote.service.DriverCommandExecutor.execute(DriverCommandExecutor.java:174)
at org.openqa.selenium.remote.RemoteWebDriver.execute(RemoteWebDriver.java:519)
at org.openqa.selenium.remote.RemoteWebElement.execute(RemoteWebElement.java:223)
at org.openqa.selenium.remote.RemoteWebElement.click(RemoteWebElement.java:76)
at com.controls.SeleniumControls.click(SeleniumControls.java:73)
at com.pages.BoxAppHomePage.clickButton(BoxAppHomePage.java:35)
at com.tests.BoxAppCreateFolderSteps.logOutCreateFolder(BoxAppCreateFolderSteps.java:82)
at java.base/java.util.ArrayList.forEach(ArrayList.java:1596)
at java.base/java.util.concurrent.FutureTask.run(FutureTask.java:317)
at java.base/java.util.concurrent.ThreadPoolExecutor.runWorker(ThreadPoolExecutor.java:1144)
at java.base/java.util.concurrent.ThreadPoolExecutor$Worker.run(ThreadPoolExecutor.java:642)
at java.base/java.lang.Thread.run(Thread.java:1583)
... Removed 18 stack frames]]>
    </failure>
  </testcase> <!-- logOutCreateFolder -->
</testsuite> <!-- Chrome -->
